<?xml version="1.0" encoding="UTF-8"?>
<!-- Generated by org.testng.reporters.JUnitReportReporter -->
<testsuite skipped="0" hostname="Darshan-PC" name="Sample" tests="1" failures="0" timestamp="28 Feb 2020 11:44:25 GMT" time="84.609" errors="0">
  <testcase name="test" time="84.609" classname="Sample"/>
</testsuite> <!-- Sample -->
